# JRE version: OpenJDK Runtime Environment (17.0.10) (build 17.0.10+0--11572160)
# Java VM: OpenJDK 64-Bit Server VM (17.0.10+0--11572160, mixed mode, tiered, compressed oops, compressed class ptrs, g1 gc, windows-amd64)
GC Precious Log:
 CPUs: 8 total, 8 available
 Memory: 12030M
 Large Page Support: Disabled
 NUMA Support: Disabled
 Compressed Oops: Enabled (32-bit)
 Heap Region Size: 1M
 Heap Min Capacity: 8M
 Heap Initial Capacity: 188M
 Heap Max Capacity: 2G
 Pre-touch: Disabled
 Parallel Workers: 8
 Concurrent Workers: 2
 Concurrent Refinement Workers: 8
 Periodic GC: Disabled
Heap:
 garbage-first heap   total 134144K, used 86804K [0x0000000080000000, 0x0000000100000000)
  region size 1024K, 6 young (6144K), 4 survivors (4096K)
 Metaspace       used 81540K, committed 82176K, reserved 1179648K
  class space    used 11005K, committed 11264K, reserved 1048576K
GC Heap History (20 events):
Event: 21.744 GC heap before
{Heap before GC invocations=31 (full 0):
 garbage-first heap   total 109568K, used 67934K [0x0000000080000000, 0x0000000100000000)
  region size 1024K, 7 young (7168K), 1 survivors (1024K)
 Metaspace       used 58378K, committed 58880K, reserved 1114112K
  class space    used 7995K, committed 8256K, reserved 1048576K
}
Event: 21.745 GC heap after
{Heap after GC invocations=32 (full 0):
 garbage-first heap   total 109568K, used 63395K [0x0000000080000000, 0x0000000100000000)
  region size 1024K, 1 young (1024K), 1 survivors (1024K)
 Metaspace       used 58378K, committed 58880K, reserved 1114112K
  class space    used 7995K, committed 8256K, reserved 1048576K
}
Event: 21.852 GC heap before
{Heap before GC invocations=32 (full 0):
 garbage-first heap   total 109568K, used 67491K [0x0000000080000000, 0x0000000100000000)
  region size 1024K, 5 young (5120K), 1 survivors (1024K)
 Metaspace       used 58660K, committed 59200K, reserved 1114112K
  class space    used 8040K, committed 8320K, reserved 1048576K
}
Event: 21.856 GC heap after
{Heap after GC invocations=33 (full 0):
 garbage-first heap   total 134144K, used 63183K [0x0000000080000000, 0x0000000100000000)
  region size 1024K, 1 young (1024K), 1 survivors (1024K)
 Metaspace       used 58660K, committed 59200K, reserved 1114112K
  class space    used 8040K, committed 8320K, reserved 1048576K
}
Event: 22.824 GC heap before
{Heap before GC invocations=33 (full 0):
 garbage-first heap   total 134144K, used 101071K [0x0000000080000000, 0x0000000100000000)
  region size 1024K, 38 young (38912K), 1 survivors (1024K)
 Metaspace       used 62069K, committed 62656K, reserved 1114112K
  class space    used 8432K, committed 8704K, reserved 1048576K
}
Event: 22.826 GC heap after
{Heap after GC invocations=34 (full 0):
 garbage-first heap   total 134144K, used 64020K [0x0000000080000000, 0x0000000100000000)
  region size 1024K, 1 young (1024K), 1 survivors (1024K)
 Metaspace       used 62069K, committed 62656K, reserved 1114112K
  class space    used 8432K, committed 8704K, reserved 1048576K
}
Event: 23.917 GC heap before
{Heap before GC invocations=35 (full 0):
 garbage-first heap   total 134144K, used 103956K [0x0000000080000000, 0x0000000100000000)
  region size 1024K, 40 young (40960K), 1 survivors (1024K)
 Metaspace       used 66409K, committed 66944K, reserved 1114112K
  class space    used 8957K, committed 9216K, reserved 1048576K
}
Event: 23.922 GC heap after
{Heap after GC invocations=36 (full 0):
 garbage-first heap   total 134144K, used 65295K [0x0000000080000000, 0x0000000100000000)
  region size 1024K, 3 young (3072K), 3 survivors (3072K)
 Metaspace       used 66409K, committed 66944K, reserved 1114112K
  class space    used 8957K, committed 9216K, reserved 1048576K
}
Event: 24.012 GC heap before
{Heap before GC invocations=36 (full 0):
 garbage-first heap   total 134144K, used 68367K [0x0000000080000000, 0x0000000100000000)
  region size 1024K, 6 young (6144K), 3 survivors (3072K)
 Metaspace       used 66705K, committed 67264K, reserved 1114112K
  class space    used 9011K, committed 9280K, reserved 1048576K
}
Event: 24.015 GC heap after
{Heap after GC invocations=37 (full 0):
 garbage-first heap   total 134144K, used 65531K [0x0000000080000000, 0x0000000100000000)
  region size 1024K, 1 young (1024K), 1 survivors (1024K)
 Metaspace       used 66705K, committed 67264K, reserved 1114112K
  class space    used 9011K, committed 9280K, reserved 1048576K
}
Event: 24.763 GC heap before
{Heap before GC invocations=37 (full 0):
 garbage-first heap   total 134144K, used 111611K [0x0000000080000000, 0x0000000100000000)
  region size 1024K, 41 young (41984K), 1 survivors (1024K)
 Metaspace       used 70013K, committed 70592K, reserved 1114112K
  class space    used 9428K, committed 9728K, reserved 1048576K
}
Event: 24.768 GC heap after
{Heap after GC invocations=38 (full 0):
 garbage-first heap   total 134144K, used 70846K [0x0000000080000000, 0x0000000100000000)
  region size 1024K, 5 young (5120K), 5 survivors (5120K)
 Metaspace       used 70013K, committed 70592K, reserved 1114112K
  class space    used 9428K, committed 9728K, reserved 1048576K
}
Event: 25.445 GC heap before
{Heap before GC invocations=38 (full 0):
 garbage-first heap   total 134144K, used 106686K [0x0000000080000000, 0x0000000100000000)
  region size 1024K, 40 young (40960K), 5 survivors (5120K)
 Metaspace       used 72503K, committed 73088K, reserved 1114112K
  class space    used 9745K, committed 9984K, reserved 1048576K
}
Event: 25.449 GC heap after
{Heap after GC invocations=39 (full 0):
 garbage-first heap   total 134144K, used 73004K [0x0000000080000000, 0x0000000100000000)
  region size 1024K, 3 young (3072K), 3 survivors (3072K)
 Metaspace       used 72503K, committed 73088K, reserved 1114112K
  class space    used 9745K, committed 9984K, reserved 1048576K
}
Event: 26.358 GC heap before
{Heap before GC invocations=39 (full 0):
 garbage-first heap   total 134144K, used 111916K [0x0000000080000000, 0x0000000100000000)
  region size 1024K, 37 young (37888K), 3 survivors (3072K)
 Metaspace       used 75865K, committed 76416K, reserved 1179648K
  class space    used 10236K, committed 10496K, reserved 1048576K
}
Event: 26.362 GC heap after
{Heap after GC invocations=40 (full 0):
 garbage-first heap   total 134144K, used 79340K [0x0000000080000000, 0x0000000100000000)
  region size 1024K, 5 young (5120K), 5 survivors (5120K)
 Metaspace       used 75865K, committed 76416K, reserved 1179648K
  class space    used 10236K, committed 10496K, reserved 1048576K
}
Event: 26.900 GC heap before
{Heap before GC invocations=40 (full 0):
 garbage-first heap   total 134144K, used 109036K [0x0000000080000000, 0x0000000100000000)
  region size 1024K, 34 young (34816K), 5 survivors (5120K)
 Metaspace       used 79315K, committed 79872K, reserved 1179648K
  class space    used 10702K, committed 10944K, reserved 1048576K
}
Event: 26.904 GC heap after
{Heap after GC invocations=41 (full 0):
 garbage-first heap   total 134144K, used 81103K [0x0000000080000000, 0x0000000100000000)
  region size 1024K, 5 young (5120K), 5 survivors (5120K)
 Metaspace       used 79315K, committed 79872K, reserved 1179648K
  class space    used 10702K, committed 10944K, reserved 1048576K
}
Event: 27.524 GC heap before
{Heap before GC invocations=41 (full 0):
 garbage-first heap   total 134144K, used 109775K [0x0000000080000000, 0x0000000100000000)
  region size 1024K, 33 young (33792K), 5 survivors (5120K)
 Metaspace       used 81044K, committed 81664K, reserved 1179648K
  class space    used 10944K, committed 11200K, reserved 1048576K
}
Event: 27.528 GC heap after
{Heap after GC invocations=42 (full 0):
 garbage-first heap   total 134144K, used 82427K [0x0000000080000000, 0x0000000100000000)
  region size 1024K, 3 young (3072K), 3 survivors (3072K)
 Metaspace       used 81044K, committed 81664K, reserved 1179648K
  class space    used 10944K, committed 11200K, reserved 1048576K
}

